<?xml version="1.0" encoding="UTF-8"?>
<!-- Generated by org.testng.reporters.JUnitReportReporter -->
<testsuite skipped="0" hostname="LAPTOP-RJ6NAOK1" name="testScripts.Module1" tests="1" failures="0" timestamp="09 Apr 2019 16:23:19 GMT" time="37.758" errors="0">
  <testcase name="TC101" time="37.758" classname="testScripts.Module1"/>
</testsuite> <!-- testScripts.Module1 -->
