<?xml version="1.0" encoding="UTF-8"?>
<!-- Generated by org.testng.reporters.JUnitReportReporter -->
<testsuite skipped="0" hostname="LAPTOP-RJ6NAOK1" name="testScripts.Module2" tests="1" failures="0" timestamp="09 Apr 2019 16:23:19 GMT" time="25.162" errors="0">
  <testcase name="TC201" time="25.162" classname="testScripts.Module2"/>
</testsuite> <!-- testScripts.Module2 -->
